<?xml version="1.0" encoding="UTF-8"?>
<testsuite xmlns:xsi="http://www.w3.org/2001/XMLSchema-instance" xsi:noNamespaceSchemaLocation="https://maven.apache.org/surefire/maven-surefire-plugin/xsd/surefire-test-report-3.0.xsd" version="3.0" name="org.vilojona.GreetingResourceTest" time="5.783" tests="1" errors="0" skipped="0" failures="0">
  <properties>
[...]
</properties>
  <testcase name="testHelloEndpoint" classname="org.vilojona.GreetingResourceTest" time="1.146">
    <system-out><![CDATA[2025-06-25 16:00:07,604 INFO  [io.qua.kub.cli.dep.DevServicesKubernetesProcessor] (build-28) Not starting dev services for Kubernetes, the kubernetes client is auto-configured. Set quarkus.kubernetes-client.devservices.override-kubeconfig to true to use dev services for Kubernetes.
2025-06-25 16:00:08,304 INFO  [io.quarkus] (main) quarkus-zta 1.0.0-SNAPSHOT on JVM (powered by Quarkus 2.16.3.Final) started in 2.404s. Listening on: http://0.0.0.0:8081
2025-06-25 16:00:08,305 INFO  [io.quarkus] (main) Profile test activated. 
2025-06-25 16:00:08,305 INFO  [io.quarkus] (main) Installed features: [cdi, kubernetes, resteasy-reactive, smallrye-context-propagation, vertx]
]]></system-out>
  </testcase>
</testsuite>